have_header: checking for ruby/version.h... -------------------- yes

LD_LIBRARY_PATH=.:/home/wayneeseguin/.rvm/rubies/ruby-3.3.1/lib "gcc -o conftest -I/home/wayneeseguin/.rvm/rubies/ruby-3.3.1/include/ruby-3.3.0/x86_64-linux -I/home/wayneeseguin/.rvm/rubies/ruby-3.3.1/include/ruby-3.3.0/ruby/backward -I/home/wayneeseguin/.rvm/rubies/ruby-3.3.1/include/ruby-3.3.0 -I.    -O3 -fno-fast-math -ggdb3 -Wall -Wextra -Wdeprecated-declarations -Wdiv-by-zero -Wduplicated-cond -Wimplicit-function-declaration -Wimplicit-int -Wpointer-arith -Wwrite-strings -Wold-style-definition -Wimplicit-fallthrough=0 -Wmissing-noreturn -Wno-cast-function-type -Wno-constant-logical-operand -Wno-long-long -Wno-missing-field-initializers -Wno-overlength-strings -Wno-packed-bitfield-compat -Wno-parentheses-equality -Wno-self-assign -Wno-tautological-compare -Wno-unused-parameter -Wno-unused-value -Wsuggest-attribute=format -Wsuggest-attribute=noreturn -Wunused-variable -Wmisleading-indentation -Wundef  -fPIC conftest.c  -L. -L/home/wayneeseguin/.rvm/rubies/ruby-3.3.1/lib -Wl,-rpath,/home/wayneeseguin/.rvm/rubies/ruby-3.3.1/lib -L. -fstack-protector-strong -rdynamic -Wl,-export-dynamic -Wl,--no-as-needed     -Wl,-rpath,/home/wayneeseguin/.rvm/rubies/ruby-3.3.1/lib -L/home/wayneeseguin/.rvm/rubies/ruby-3.3.1/lib -lruby  -lm -lpthread  -lc"
checked program was:
/* begin */
1: #include "ruby.h"
2: 
3: int main(int argc, char **argv)
4: {
5:   return !!argv[argc];
6: }
/* end */

LD_LIBRARY_PATH=.:/home/wayneeseguin/.rvm/rubies/ruby-3.3.1/lib "gcc -I/home/wayneeseguin/.rvm/rubies/ruby-3.3.1/include/ruby-3.3.0/x86_64-linux -I/home/wayneeseguin/.rvm/rubies/ruby-3.3.1/include/ruby-3.3.0/ruby/backward -I/home/wayneeseguin/.rvm/rubies/ruby-3.3.1/include/ruby-3.3.0 -I.    -O3 -fno-fast-math -ggdb3 -Wall -Wextra -Wdeprecated-declarations -Wdiv-by-zero -Wduplicated-cond -Wimplicit-function-declaration -Wimplicit-int -Wpointer-arith -Wwrite-strings -Wold-style-definition -Wimplicit-fallthrough=0 -Wmissing-noreturn -Wno-cast-function-type -Wno-constant-logical-operand -Wno-long-long -Wno-missing-field-initializers -Wno-overlength-strings -Wno-packed-bitfield-compat -Wno-parentheses-equality -Wno-self-assign -Wno-tautological-compare -Wno-unused-parameter -Wno-unused-value -Wsuggest-attribute=format -Wsuggest-attribute=noreturn -Wunused-variable -Wmisleading-indentation -Wundef  -fPIC   -c conftest.c"
checked program was:
/* begin */
1: #include "ruby.h"
2: 
3: #include <ruby/version.h>
/* end */

--------------------

have_func: checking for rb_exec_recursive() in ruby.h... -------------------- yes

LD_LIBRARY_PATH=.:/home/wayneeseguin/.rvm/rubies/ruby-3.3.1/lib "gcc -o conftest -I/home/wayneeseguin/.rvm/rubies/ruby-3.3.1/include/ruby-3.3.0/x86_64-linux -I/home/wayneeseguin/.rvm/rubies/ruby-3.3.1/include/ruby-3.3.0/ruby/backward -I/home/wayneeseguin/.rvm/rubies/ruby-3.3.1/include/ruby-3.3.0 -I.    -O3 -fno-fast-math -ggdb3 -Wall -Wextra -Wdeprecated-declarations -Wdiv-by-zero -Wduplicated-cond -Wimplicit-function-declaration -Wimplicit-int -Wpointer-arith -Wwrite-strings -Wold-style-definition -Wimplicit-fallthrough=0 -Wmissing-noreturn -Wno-cast-function-type -Wno-constant-logical-operand -Wno-long-long -Wno-missing-field-initializers -Wno-overlength-strings -Wno-packed-bitfield-compat -Wno-parentheses-equality -Wno-self-assign -Wno-tautological-compare -Wno-unused-parameter -Wno-unused-value -Wsuggest-attribute=format -Wsuggest-attribute=noreturn -Wunused-variable -Wmisleading-indentation -Wundef  -fPIC conftest.c  -L. -L/home/wayneeseguin/.rvm/rubies/ruby-3.3.1/lib -Wl,-rpath,/home/wayneeseguin/.rvm/rubies/ruby-3.3.1/lib -L. -fstack-protector-strong -rdynamic -Wl,-export-dynamic -Wl,--no-as-needed     -Wl,-rpath,/home/wayneeseguin/.rvm/rubies/ruby-3.3.1/lib -L/home/wayneeseguin/.rvm/rubies/ruby-3.3.1/lib -lruby  -lm -lpthread  -lc"
checked program was:
/* begin */
 1: #include "ruby.h"
 2: 
 3: #include <ruby.h>
 4: 
 5: /*top*/
 6: extern int t(void);
 7: int main(int argc, char **argv)
 8: {
 9:   if (argc > 1000000) {
10:     int (* volatile tp)(void)=(int (*)(void))&t;
11:     printf("%d", (*tp)());
12:   }
13: 
14:   return !!argv[argc];
15: }
16: int t(void) { void ((*volatile p)()); p = (void ((*)()))rb_exec_recursive; return !p; }
/* end */

--------------------

have_func: checking for rb_exec_recursive_paired() in ruby.h... -------------------- yes

LD_LIBRARY_PATH=.:/home/wayneeseguin/.rvm/rubies/ruby-3.3.1/lib "gcc -o conftest -I/home/wayneeseguin/.rvm/rubies/ruby-3.3.1/include/ruby-3.3.0/x86_64-linux -I/home/wayneeseguin/.rvm/rubies/ruby-3.3.1/include/ruby-3.3.0/ruby/backward -I/home/wayneeseguin/.rvm/rubies/ruby-3.3.1/include/ruby-3.3.0 -I.    -O3 -fno-fast-math -ggdb3 -Wall -Wextra -Wdeprecated-declarations -Wdiv-by-zero -Wduplicated-cond -Wimplicit-function-declaration -Wimplicit-int -Wpointer-arith -Wwrite-strings -Wold-style-definition -Wimplicit-fallthrough=0 -Wmissing-noreturn -Wno-cast-function-type -Wno-constant-logical-operand -Wno-long-long -Wno-missing-field-initializers -Wno-overlength-strings -Wno-packed-bitfield-compat -Wno-parentheses-equality -Wno-self-assign -Wno-tautological-compare -Wno-unused-parameter -Wno-unused-value -Wsuggest-attribute=format -Wsuggest-attribute=noreturn -Wunused-variable -Wmisleading-indentation -Wundef  -fPIC conftest.c  -L. -L/home/wayneeseguin/.rvm/rubies/ruby-3.3.1/lib -Wl,-rpath,/home/wayneeseguin/.rvm/rubies/ruby-3.3.1/lib -L. -fstack-protector-strong -rdynamic -Wl,-export-dynamic -Wl,--no-as-needed     -Wl,-rpath,/home/wayneeseguin/.rvm/rubies/ruby-3.3.1/lib -L/home/wayneeseguin/.rvm/rubies/ruby-3.3.1/lib -lruby  -lm -lpthread  -lc"
checked program was:
/* begin */
 1: #include "ruby.h"
 2: 
 3: #include <ruby.h>
 4: 
 5: /*top*/
 6: extern int t(void);
 7: int main(int argc, char **argv)
 8: {
 9:   if (argc > 1000000) {
10:     int (* volatile tp)(void)=(int (*)(void))&t;
11:     printf("%d", (*tp)());
12:   }
13: 
14:   return !!argv[argc];
15: }
16: int t(void) { void ((*volatile p)()); p = (void ((*)()))rb_exec_recursive_paired; return !p; }
/* end */

--------------------

have_func: checking for rb_proc_lambda_p() in ruby.h... -------------------- yes

LD_LIBRARY_PATH=.:/home/wayneeseguin/.rvm/rubies/ruby-3.3.1/lib "gcc -o conftest -I/home/wayneeseguin/.rvm/rubies/ruby-3.3.1/include/ruby-3.3.0/x86_64-linux -I/home/wayneeseguin/.rvm/rubies/ruby-3.3.1/include/ruby-3.3.0/ruby/backward -I/home/wayneeseguin/.rvm/rubies/ruby-3.3.1/include/ruby-3.3.0 -I.    -O3 -fno-fast-math -ggdb3 -Wall -Wextra -Wdeprecated-declarations -Wdiv-by-zero -Wduplicated-cond -Wimplicit-function-declaration -Wimplicit-int -Wpointer-arith -Wwrite-strings -Wold-style-definition -Wimplicit-fallthrough=0 -Wmissing-noreturn -Wno-cast-function-type -Wno-constant-logical-operand -Wno-long-long -Wno-missing-field-initializers -Wno-overlength-strings -Wno-packed-bitfield-compat -Wno-parentheses-equality -Wno-self-assign -Wno-tautological-compare -Wno-unused-parameter -Wno-unused-value -Wsuggest-attribute=format -Wsuggest-attribute=noreturn -Wunused-variable -Wmisleading-indentation -Wundef  -fPIC conftest.c  -L. -L/home/wayneeseguin/.rvm/rubies/ruby-3.3.1/lib -Wl,-rpath,/home/wayneeseguin/.rvm/rubies/ruby-3.3.1/lib -L. -fstack-protector-strong -rdynamic -Wl,-export-dynamic -Wl,--no-as-needed     -Wl,-rpath,/home/wayneeseguin/.rvm/rubies/ruby-3.3.1/lib -L/home/wayneeseguin/.rvm/rubies/ruby-3.3.1/lib -lruby  -lm -lpthread  -lc"
checked program was:
/* begin */
 1: #include "ruby.h"
 2: 
 3: #include <ruby.h>
 4: 
 5: /*top*/
 6: extern int t(void);
 7: int main(int argc, char **argv)
 8: {
 9:   if (argc > 1000000) {
10:     int (* volatile tp)(void)=(int (*)(void))&t;
11:     printf("%d", (*tp)());
12:   }
13: 
14:   return !!argv[argc];
15: }
16: int t(void) { void ((*volatile p)()); p = (void ((*)()))rb_proc_lambda_p; return !p; }
/* end */

--------------------

have_func: checking for rb_ary_resize() in ruby.h... -------------------- yes

LD_LIBRARY_PATH=.:/home/wayneeseguin/.rvm/rubies/ruby-3.3.1/lib "gcc -o conftest -I/home/wayneeseguin/.rvm/rubies/ruby-3.3.1/include/ruby-3.3.0/x86_64-linux -I/home/wayneeseguin/.rvm/rubies/ruby-3.3.1/include/ruby-3.3.0/ruby/backward -I/home/wayneeseguin/.rvm/rubies/ruby-3.3.1/include/ruby-3.3.0 -I.    -O3 -fno-fast-math -ggdb3 -Wall -Wextra -Wdeprecated-declarations -Wdiv-by-zero -Wduplicated-cond -Wimplicit-function-declaration -Wimplicit-int -Wpointer-arith -Wwrite-strings -Wold-style-definition -Wimplicit-fallthrough=0 -Wmissing-noreturn -Wno-cast-function-type -Wno-constant-logical-operand -Wno-long-long -Wno-missing-field-initializers -Wno-overlength-strings -Wno-packed-bitfield-compat -Wno-parentheses-equality -Wno-self-assign -Wno-tautological-compare -Wno-unused-parameter -Wno-unused-value -Wsuggest-attribute=format -Wsuggest-attribute=noreturn -Wunused-variable -Wmisleading-indentation -Wundef  -fPIC conftest.c  -L. -L/home/wayneeseguin/.rvm/rubies/ruby-3.3.1/lib -Wl,-rpath,/home/wayneeseguin/.rvm/rubies/ruby-3.3.1/lib -L. -fstack-protector-strong -rdynamic -Wl,-export-dynamic -Wl,--no-as-needed     -Wl,-rpath,/home/wayneeseguin/.rvm/rubies/ruby-3.3.1/lib -L/home/wayneeseguin/.rvm/rubies/ruby-3.3.1/lib -lruby  -lm -lpthread  -lc"
checked program was:
/* begin */
 1: #include "ruby.h"
 2: 
 3: #include <ruby.h>
 4: 
 5: /*top*/
 6: extern int t(void);
 7: int main(int argc, char **argv)
 8: {
 9:   if (argc > 1000000) {
10:     int (* volatile tp)(void)=(int (*)(void))&t;
11:     printf("%d", (*tp)());
12:   }
13: 
14:   return !!argv[argc];
15: }
16: int t(void) { void ((*volatile p)()); p = (void ((*)()))rb_ary_resize; return !p; }
/* end */

--------------------

have_func: checking for rb_obj_hide() in ruby.h... -------------------- yes

LD_LIBRARY_PATH=.:/home/wayneeseguin/.rvm/rubies/ruby-3.3.1/lib "gcc -o conftest -I/home/wayneeseguin/.rvm/rubies/ruby-3.3.1/include/ruby-3.3.0/x86_64-linux -I/home/wayneeseguin/.rvm/rubies/ruby-3.3.1/include/ruby-3.3.0/ruby/backward -I/home/wayneeseguin/.rvm/rubies/ruby-3.3.1/include/ruby-3.3.0 -I.    -O3 -fno-fast-math -ggdb3 -Wall -Wextra -Wdeprecated-declarations -Wdiv-by-zero -Wduplicated-cond -Wimplicit-function-declaration -Wimplicit-int -Wpointer-arith -Wwrite-strings -Wold-style-definition -Wimplicit-fallthrough=0 -Wmissing-noreturn -Wno-cast-function-type -Wno-constant-logical-operand -Wno-long-long -Wno-missing-field-initializers -Wno-overlength-strings -Wno-packed-bitfield-compat -Wno-parentheses-equality -Wno-self-assign -Wno-tautological-compare -Wno-unused-parameter -Wno-unused-value -Wsuggest-attribute=format -Wsuggest-attribute=noreturn -Wunused-variable -Wmisleading-indentation -Wundef  -fPIC conftest.c  -L. -L/home/wayneeseguin/.rvm/rubies/ruby-3.3.1/lib -Wl,-rpath,/home/wayneeseguin/.rvm/rubies/ruby-3.3.1/lib -L. -fstack-protector-strong -rdynamic -Wl,-export-dynamic -Wl,--no-as-needed     -Wl,-rpath,/home/wayneeseguin/.rvm/rubies/ruby-3.3.1/lib -L/home/wayneeseguin/.rvm/rubies/ruby-3.3.1/lib -lruby  -lm -lpthread  -lc"
checked program was:
/* begin */
 1: #include "ruby.h"
 2: 
 3: #include <ruby.h>
 4: 
 5: /*top*/
 6: extern int t(void);
 7: int main(int argc, char **argv)
 8: {
 9:   if (argc > 1000000) {
10:     int (* volatile tp)(void)=(int (*)(void))&t;
11:     printf("%d", (*tp)());
12:   }
13: 
14:   return !!argv[argc];
15: }
16: int t(void) { void ((*volatile p)()); p = (void ((*)()))rb_obj_hide; return !p; }
/* end */

--------------------

have_func: checking for rb_safe_level() in ruby.h... -------------------- no

LD_LIBRARY_PATH=.:/home/wayneeseguin/.rvm/rubies/ruby-3.3.1/lib "gcc -o conftest -I/home/wayneeseguin/.rvm/rubies/ruby-3.3.1/include/ruby-3.3.0/x86_64-linux -I/home/wayneeseguin/.rvm/rubies/ruby-3.3.1/include/ruby-3.3.0/ruby/backward -I/home/wayneeseguin/.rvm/rubies/ruby-3.3.1/include/ruby-3.3.0 -I.    -O3 -fno-fast-math -ggdb3 -Wall -Wextra -Wdeprecated-declarations -Wdiv-by-zero -Wduplicated-cond -Wimplicit-function-declaration -Wimplicit-int -Wpointer-arith -Wwrite-strings -Wold-style-definition -Wimplicit-fallthrough=0 -Wmissing-noreturn -Wno-cast-function-type -Wno-constant-logical-operand -Wno-long-long -Wno-missing-field-initializers -Wno-overlength-strings -Wno-packed-bitfield-compat -Wno-parentheses-equality -Wno-self-assign -Wno-tautological-compare -Wno-unused-parameter -Wno-unused-value -Wsuggest-attribute=format -Wsuggest-attribute=noreturn -Wunused-variable -Wmisleading-indentation -Wundef  -fPIC conftest.c  -L. -L/home/wayneeseguin/.rvm/rubies/ruby-3.3.1/lib -Wl,-rpath,/home/wayneeseguin/.rvm/rubies/ruby-3.3.1/lib -L. -fstack-protector-strong -rdynamic -Wl,-export-dynamic -Wl,--no-as-needed     -Wl,-rpath,/home/wayneeseguin/.rvm/rubies/ruby-3.3.1/lib -L/home/wayneeseguin/.rvm/rubies/ruby-3.3.1/lib -lruby  -lm -lpthread  -lc"
conftest.c: In function ‘t’:
conftest.c:16:57: error: ‘rb_safe_level’ undeclared (first use in this function)
   16 | int t(void) { void ((*volatile p)()); p = (void ((*)()))rb_safe_level; return !p; }
      |                                                         ^~~~~~~~~~~~~
conftest.c:16:57: note: each undeclared identifier is reported only once for each function it appears in
conftest.c: At top level:
cc1: note: unrecognized command-line option ‘-Wno-self-assign’ may have been intended to silence earlier diagnostics
cc1: note: unrecognized command-line option ‘-Wno-parentheses-equality’ may have been intended to silence earlier diagnostics
cc1: note: unrecognized command-line option ‘-Wno-constant-logical-operand’ may have been intended to silence earlier diagnostics
checked program was:
/* begin */
 1: #include "ruby.h"
 2: 
 3: #include <ruby.h>
 4: 
 5: /*top*/
 6: extern int t(void);
 7: int main(int argc, char **argv)
 8: {
 9:   if (argc > 1000000) {
10:     int (* volatile tp)(void)=(int (*)(void))&t;
11:     printf("%d", (*tp)());
12:   }
13: 
14:   return !!argv[argc];
15: }
16: int t(void) { void ((*volatile p)()); p = (void ((*)()))rb_safe_level; return !p; }
/* end */

LD_LIBRARY_PATH=.:/home/wayneeseguin/.rvm/rubies/ruby-3.3.1/lib "gcc -o conftest -I/home/wayneeseguin/.rvm/rubies/ruby-3.3.1/include/ruby-3.3.0/x86_64-linux -I/home/wayneeseguin/.rvm/rubies/ruby-3.3.1/include/ruby-3.3.0/ruby/backward -I/home/wayneeseguin/.rvm/rubies/ruby-3.3.1/include/ruby-3.3.0 -I.    -O3 -fno-fast-math -ggdb3 -Wall -Wextra -Wdeprecated-declarations -Wdiv-by-zero -Wduplicated-cond -Wimplicit-function-declaration -Wimplicit-int -Wpointer-arith -Wwrite-strings -Wold-style-definition -Wimplicit-fallthrough=0 -Wmissing-noreturn -Wno-cast-function-type -Wno-constant-logical-operand -Wno-long-long -Wno-missing-field-initializers -Wno-overlength-strings -Wno-packed-bitfield-compat -Wno-parentheses-equality -Wno-self-assign -Wno-tautological-compare -Wno-unused-parameter -Wno-unused-value -Wsuggest-attribute=format -Wsuggest-attribute=noreturn -Wunused-variable -Wmisleading-indentation -Wundef  -fPIC conftest.c  -L. -L/home/wayneeseguin/.rvm/rubies/ruby-3.3.1/lib -Wl,-rpath,/home/wayneeseguin/.rvm/rubies/ruby-3.3.1/lib -L. -fstack-protector-strong -rdynamic -Wl,-export-dynamic -Wl,--no-as-needed     -Wl,-rpath,/home/wayneeseguin/.rvm/rubies/ruby-3.3.1/lib -L/home/wayneeseguin/.rvm/rubies/ruby-3.3.1/lib -lruby  -lm -lpthread  -lc"
/usr/bin/ld: /tmp/ccFKxcgQ.o: in function `t':
/home/wayneeseguin/w/cloudfoundry-community/cf-rabbitmq-example-app/vendor/bundle/ruby/3.3.0/gems/rbtree-0.4.6/conftest.c:17: undefined reference to `rb_safe_level'
collect2: error: ld returned 1 exit status
checked program was:
/* begin */
 1: #include "ruby.h"
 2: 
 3: #include <ruby.h>
 4: 
 5: /*top*/
 6: extern int t(void);
 7: int main(int argc, char **argv)
 8: {
 9:   if (argc > 1000000) {
10:     int (* volatile tp)(void)=(int (*)(void))&t;
11:     printf("%d", (*tp)());
12:   }
13: 
14:   return !!argv[argc];
15: }
16: extern void rb_safe_level();
17: int t(void) { rb_safe_level(); return 0; }
/* end */

--------------------

have_func: checking for rb_cData() in ruby.h... -------------------- no

LD_LIBRARY_PATH=.:/home/wayneeseguin/.rvm/rubies/ruby-3.3.1/lib "gcc -o conftest -I/home/wayneeseguin/.rvm/rubies/ruby-3.3.1/include/ruby-3.3.0/x86_64-linux -I/home/wayneeseguin/.rvm/rubies/ruby-3.3.1/include/ruby-3.3.0/ruby/backward -I/home/wayneeseguin/.rvm/rubies/ruby-3.3.1/include/ruby-3.3.0 -I.    -O3 -fno-fast-math -ggdb3 -Wall -Wextra -Wdeprecated-declarations -Wdiv-by-zero -Wduplicated-cond -Wimplicit-function-declaration -Wimplicit-int -Wpointer-arith -Wwrite-strings -Wold-style-definition -Wimplicit-fallthrough=0 -Wmissing-noreturn -Wno-cast-function-type -Wno-constant-logical-operand -Wno-long-long -Wno-missing-field-initializers -Wno-overlength-strings -Wno-packed-bitfield-compat -Wno-parentheses-equality -Wno-self-assign -Wno-tautological-compare -Wno-unused-parameter -Wno-unused-value -Wsuggest-attribute=format -Wsuggest-attribute=noreturn -Wunused-variable -Wmisleading-indentation -Wundef  -fPIC conftest.c  -L. -L/home/wayneeseguin/.rvm/rubies/ruby-3.3.1/lib -Wl,-rpath,/home/wayneeseguin/.rvm/rubies/ruby-3.3.1/lib -L. -fstack-protector-strong -rdynamic -Wl,-export-dynamic -Wl,--no-as-needed     -Wl,-rpath,/home/wayneeseguin/.rvm/rubies/ruby-3.3.1/lib -L/home/wayneeseguin/.rvm/rubies/ruby-3.3.1/lib -lruby  -lm -lpthread  -lc"
conftest.c: In function ‘t’:
conftest.c:16:57: error: ‘rb_cData’ undeclared (first use in this function)
   16 | int t(void) { void ((*volatile p)()); p = (void ((*)()))rb_cData; return !p; }
      |                                                         ^~~~~~~~
conftest.c:16:57: note: each undeclared identifier is reported only once for each function it appears in
conftest.c: At top level:
cc1: note: unrecognized command-line option ‘-Wno-self-assign’ may have been intended to silence earlier diagnostics
cc1: note: unrecognized command-line option ‘-Wno-parentheses-equality’ may have been intended to silence earlier diagnostics
cc1: note: unrecognized command-line option ‘-Wno-constant-logical-operand’ may have been intended to silence earlier diagnostics
checked program was:
/* begin */
 1: #include "ruby.h"
 2: 
 3: #include <ruby.h>
 4: 
 5: /*top*/
 6: extern int t(void);
 7: int main(int argc, char **argv)
 8: {
 9:   if (argc > 1000000) {
10:     int (* volatile tp)(void)=(int (*)(void))&t;
11:     printf("%d", (*tp)());
12:   }
13: 
14:   return !!argv[argc];
15: }
16: int t(void) { void ((*volatile p)()); p = (void ((*)()))rb_cData; return !p; }
/* end */

LD_LIBRARY_PATH=.:/home/wayneeseguin/.rvm/rubies/ruby-3.3.1/lib "gcc -o conftest -I/home/wayneeseguin/.rvm/rubies/ruby-3.3.1/include/ruby-3.3.0/x86_64-linux -I/home/wayneeseguin/.rvm/rubies/ruby-3.3.1/include/ruby-3.3.0/ruby/backward -I/home/wayneeseguin/.rvm/rubies/ruby-3.3.1/include/ruby-3.3.0 -I.    -O3 -fno-fast-math -ggdb3 -Wall -Wextra -Wdeprecated-declarations -Wdiv-by-zero -Wduplicated-cond -Wimplicit-function-declaration -Wimplicit-int -Wpointer-arith -Wwrite-strings -Wold-style-definition -Wimplicit-fallthrough=0 -Wmissing-noreturn -Wno-cast-function-type -Wno-constant-logical-operand -Wno-long-long -Wno-missing-field-initializers -Wno-overlength-strings -Wno-packed-bitfield-compat -Wno-parentheses-equality -Wno-self-assign -Wno-tautological-compare -Wno-unused-parameter -Wno-unused-value -Wsuggest-attribute=format -Wsuggest-attribute=noreturn -Wunused-variable -Wmisleading-indentation -Wundef  -fPIC conftest.c  -L. -L/home/wayneeseguin/.rvm/rubies/ruby-3.3.1/lib -Wl,-rpath,/home/wayneeseguin/.rvm/rubies/ruby-3.3.1/lib -L. -fstack-protector-strong -rdynamic -Wl,-export-dynamic -Wl,--no-as-needed     -Wl,-rpath,/home/wayneeseguin/.rvm/rubies/ruby-3.3.1/lib -L/home/wayneeseguin/.rvm/rubies/ruby-3.3.1/lib -lruby  -lm -lpthread  -lc"
/usr/bin/ld: /tmp/ccS04T48.o: in function `t':
/home/wayneeseguin/w/cloudfoundry-community/cf-rabbitmq-example-app/vendor/bundle/ruby/3.3.0/gems/rbtree-0.4.6/conftest.c:17: undefined reference to `rb_cData'
collect2: error: ld returned 1 exit status
checked program was:
/* begin */
 1: #include "ruby.h"
 2: 
 3: #include <ruby.h>
 4: 
 5: /*top*/
 6: extern int t(void);
 7: int main(int argc, char **argv)
 8: {
 9:   if (argc > 1000000) {
10:     int (* volatile tp)(void)=(int (*)(void))&t;
11:     printf("%d", (*tp)());
12:   }
13: 
14:   return !!argv[argc];
15: }
16: extern void rb_cData();
17: int t(void) { rb_cData(); return 0; }
/* end */

--------------------

